<?xml version="1.0" encoding="UTF-8"?>
<coverage generated="1748520301969" clover="3.2.0">
  <project timestamp="1748520301969" name="All files">
    <metrics statements="56" coveredstatements="55" conditionals="13" coveredconditionals="12" methods="24" coveredmethods="22" elements="93" coveredelements="89" complexity="0" loc="56" ncloc="56" packages="2" files="7" classes="7"/>
    <package name="src">
      <metrics statements="21" coveredstatements="21" conditionals="2" coveredconditionals="2" methods="7" coveredmethods="7"/>
      <file name="App.jsx" path="C:\Users\troyo\OneDrive\Full Stack\Meet App\meet\src\App.jsx">
        <metrics statements="14" coveredstatements="14" conditionals="2" coveredconditionals="2" methods="4" coveredmethods="4"/>
        <line num="8" count="3" type="stmt"/>
        <line num="9" count="16" type="stmt"/>
        <line num="10" count="16" type="stmt"/>
        <line num="11" count="16" type="stmt"/>
        <line num="12" count="16" type="stmt"/>
        <line num="14" count="16" type="stmt"/>
        <line num="15" count="8" type="stmt"/>
        <line num="16" count="8" type="stmt"/>
        <line num="18" count="8" type="cond" truecount="2" falsecount="0"/>
        <line num="20" count="35" type="stmt"/>
        <line num="21" count="8" type="stmt"/>
        <line num="22" count="8" type="stmt"/>
        <line num="24" count="8" type="stmt"/>
        <line num="27" count="16" type="stmt"/>
      </file>
      <file name="api.js" path="C:\Users\troyo\OneDrive\Full Stack\Meet App\meet\src\api.js">
        <metrics statements="6" coveredstatements="6" conditionals="0" coveredconditionals="0" methods="3" coveredmethods="3"/>
        <line num="15" count="3" type="stmt"/>
        <line num="16" count="385" type="stmt"/>
        <line num="17" count="11" type="stmt"/>
        <line num="18" count="11" type="stmt"/>
        <line num="26" count="3" type="stmt"/>
        <line num="27" count="13" type="stmt"/>
      </file>
      <file name="mock-data.js" path="C:\Users\troyo\OneDrive\Full Stack\Meet App\meet\src\mock-data.js">
        <metrics statements="1" coveredstatements="1" conditionals="0" coveredconditionals="0" methods="0" coveredmethods="0"/>
        <line num="3" count="4" type="stmt"/>
      </file>
    </package>
    <package name="src.components">
      <metrics statements="35" coveredstatements="34" conditionals="11" coveredconditionals="10" methods="17" coveredmethods="15"/>
      <file name="CitySearch.jsx" path="C:\Users\troyo\OneDrive\Full Stack\Meet App\meet\src\components\CitySearch.jsx">
        <metrics statements="20" coveredstatements="19" conditionals="4" coveredconditionals="3" methods="10" coveredmethods="8"/>
        <line num="3" count="3" type="stmt"/>
        <line num="7" count="66" type="stmt"/>
        <line num="8" count="66" type="stmt"/>
        <line num="9" count="66" type="stmt"/>
        <line num="11" count="66" type="stmt"/>
        <line num="12" count="22" type="stmt"/>
        <line num="15" count="66" type="stmt"/>
        <line num="16" count="18" type="stmt"/>
        <line num="17" count="18" type="stmt"/>
        <line num="18" count="18" type="stmt"/>
        <line num="19" count="36" type="stmt"/>
        <line num="21" count="18" type="stmt"/>
        <line num="24" count="66" type="stmt"/>
        <line num="25" count="2" type="stmt"/>
        <line num="26" count="2" type="stmt"/>
        <line num="27" count="2" type="stmt"/>
        <line num="30" count="66" type="stmt"/>
        <line num="37" count="5" type="stmt"/>
        <line num="43" count="26" type="stmt"/>
        <line num="49" count="0" type="stmt"/>
      </file>
      <file name="Event.jsx" path="C:\Users\troyo\OneDrive\Full Stack\Meet App\meet\src\components\Event.jsx">
        <metrics statements="5" coveredstatements="5" conditionals="4" coveredconditionals="4" methods="3" coveredmethods="3"/>
        <line num="3" count="4" type="stmt"/>
        <line num="4" count="317" type="stmt"/>
        <line num="6" count="317" type="stmt"/>
        <line num="7" count="3" type="stmt"/>
        <line num="10" count="317" type="stmt"/>
      </file>
      <file name="EventList.jsx" path="C:\Users\troyo\OneDrive\Full Stack\Meet App\meet\src\components\EventList.jsx">
        <metrics statements="3" coveredstatements="3" conditionals="1" coveredconditionals="1" methods="2" coveredmethods="2"/>
        <line num="5" count="3" type="cond" truecount="1" falsecount="0"/>
        <line num="6" count="19" type="stmt"/>
        <line num="9" count="308" type="stmt"/>
      </file>
      <file name="NumberofEvents.jsx" path="C:\Users\troyo\OneDrive\Full Stack\Meet App\meet\src\components\NumberofEvents.jsx">
        <metrics statements="7" coveredstatements="7" conditionals="2" coveredconditionals="2" methods="2" coveredmethods="2"/>
        <line num="3" count="4" type="stmt"/>
        <line num="4" count="23" type="stmt"/>
        <line num="6" count="23" type="stmt"/>
        <line num="7" count="4" type="stmt"/>
        <line num="8" count="4" type="stmt"/>
        <line num="9" count="4" type="cond" truecount="2" falsecount="0"/>
        <line num="12" count="23" type="stmt"/>
      </file>
    </package>
  </project>
</coverage>
