{"C:\\Users\\troyo\\OneDrive\\Full Stack\\Meet App\\meet\\src\\App.jsx": {"path":"C:\\Users\\troyo\\OneDrive\\Full Stack\\Meet App\\meet\\src\\App.jsx","statementMap":{"0":{"start":{"line":12,"column":12},"end":{"line":49,"column":1}},"1":{"start":{"line":13,"column":30},"end":{"line":13,"column":42}},"2":{"start":{"line":14,"column":42},"end":{"line":14,"column":54}},"3":{"start":{"line":15,"column":40},"end":{"line":15,"column":66}},"4":{"start":{"line":16,"column":38},"end":{"line":16,"column":63}},"5":{"start":{"line":17,"column":36},"end":{"line":17,"column":48}},"6":{"start":{"line":19,"column":2},"end":{"line":30,"column":32}},"7":{"start":{"line":20,"column":22},"end":{"line":28,"column":5}},"8":{"start":{"line":21,"column":24},"end":{"line":21,"column":41}},"9":{"start":{"line":23,"column":8},"end":{"line":25,"column":63}},"10":{"start":{"line":25,"column":36},"end":{"line":25,"column":62}},"11":{"start":{"line":26,"column":6},"end":{"line":26,"column":47}},"12":{"start":{"line":27,"column":6},"end":{"line":27,"column":51}},"13":{"start":{"line":29,"column":4},"end":{"line":29,"column":16}},"14":{"start":{"line":32,"column":2},"end":{"line":48,"column":4}}},"fnMap":{"0":{"name":"(anonymous_0)","decl":{"start":{"line":12,"column":12},"end":{"line":12,"column":13}},"loc":{"start":{"line":12,"column":18},"end":{"line":49,"column":1}},"line":12},"1":{"name":"(anonymous_1)","decl":{"start":{"line":19,"column":12},"end":{"line":19,"column":13}},"loc":{"start":{"line":19,"column":18},"end":{"line":30,"column":3}},"line":19},"2":{"name":"(anonymous_2)","decl":{"start":{"line":20,"column":22},"end":{"line":20,"column":23}},"loc":{"start":{"line":20,"column":34},"end":{"line":28,"column":5}},"line":20},"3":{"name":"(anonymous_3)","decl":{"start":{"line":25,"column":29},"end":{"line":25,"column":30}},"loc":{"start":{"line":25,"column":36},"end":{"line":25,"column":62}},"line":25}},"branchMap":{"0":{"loc":{"start":{"line":23,"column":8},"end":{"line":25,"column":63}},"type":"cond-expr","locations":[{"start":{"line":24,"column":12},"end":{"line":24,"column":21}},{"start":{"line":25,"column":12},"end":{"line":25,"column":63}}],"line":23},"1":{"loc":{"start":{"line":35,"column":9},"end":{"line":35,"column":63}},"type":"binary-expr","locations":[{"start":{"line":35,"column":9},"end":{"line":35,"column":29}},{"start":{"line":35,"column":33},"end":{"line":35,"column":63}}],"line":35}},"s":{"0":6,"1":48,"2":48,"3":48,"4":48,"5":48,"6":48,"7":24,"8":24,"9":24,"10":70,"11":24,"12":24,"13":24,"14":48},"f":{"0":48,"1":24,"2":24,"3":70},"b":{"0":[22,2],"1":[48,0]},"_coverageSchema":"1a1c01bbd47fc00a2c39e90264f33305004495a9","hash":"16f79c9020b9861da3f708be6a193c56c5642022"}
,"C:\\Users\\troyo\\OneDrive\\Full Stack\\Meet App\\meet\\src\\mock-data.js": {"path":"C:\\Users\\troyo\\OneDrive\\Full Stack\\Meet App\\meet\\src\\mock-data.js","statementMap":{"0":{"start":{"line":3,"column":24},"end":{"line":1439,"column":1}}},"fnMap":{},"branchMap":{},"s":{"0":7},"f":{},"b":{},"_coverageSchema":"1a1c01bbd47fc00a2c39e90264f33305004495a9","hash":"e60cc999344a053604c4f4b7019a9c3dec1ccfa6"}
,"C:\\Users\\troyo\\OneDrive\\Full Stack\\Meet App\\meet\\src\\components\\Alert.jsx": {"path":"C:\\Users\\troyo\\OneDrive\\Full Stack\\Meet App\\meet\\src\\components\\Alert.jsx","statementMap":{"0":{"start":{"line":9,"column":4},"end":{"line":9,"column":17}},"1":{"start":{"line":10,"column":4},"end":{"line":10,"column":22}},"2":{"start":{"line":11,"column":4},"end":{"line":11,"column":24}},"3":{"start":{"line":14,"column":13},"end":{"line":28,"column":3}},"4":{"start":{"line":15,"column":4},"end":{"line":27,"column":6}},"5":{"start":{"line":31,"column":4},"end":{"line":35,"column":6}},"6":{"start":{"line":42,"column":4},"end":{"line":42,"column":17}},"7":{"start":{"line":43,"column":4},"end":{"line":43,"column":34}},"8":{"start":{"line":44,"column":4},"end":{"line":44,"column":40}}},"fnMap":{"0":{"name":"(anonymous_0)","decl":{"start":{"line":8,"column":2},"end":{"line":8,"column":3}},"loc":{"start":{"line":8,"column":21},"end":{"line":12,"column":3}},"line":8},"1":{"name":"(anonymous_1)","decl":{"start":{"line":14,"column":13},"end":{"line":14,"column":14}},"loc":{"start":{"line":14,"column":19},"end":{"line":28,"column":3}},"line":14},"2":{"name":"(anonymous_2)","decl":{"start":{"line":30,"column":2},"end":{"line":30,"column":3}},"loc":{"start":{"line":30,"column":11},"end":{"line":36,"column":3}},"line":30},"3":{"name":"(anonymous_3)","decl":{"start":{"line":41,"column":2},"end":{"line":41,"column":3}},"loc":{"start":{"line":41,"column":21},"end":{"line":45,"column":3}},"line":41}},"branchMap":{},"s":{"0":0,"1":0,"2":0,"3":0,"4":0,"5":0,"6":0,"7":0,"8":0},"f":{"0":0,"1":0,"2":0,"3":0},"b":{},"_coverageSchema":"1a1c01bbd47fc00a2c39e90264f33305004495a9","hash":"6bc3df3826b5bc692ac70c33e84ac2044299444f"}
,"C:\\Users\\troyo\\OneDrive\\Full Stack\\Meet App\\meet\\src\\components\\CitySearch.jsx": {"path":"C:\\Users\\troyo\\OneDrive\\Full Stack\\Meet App\\meet\\src\\components\\CitySearch.jsx","statementMap":{"0":{"start":{"line":5,"column":19},"end":{"line":60,"column":1}},"1":{"start":{"line":6,"column":28},"end":{"line":6,"column":40}},"2":{"start":{"line":7,"column":40},"end":{"line":7,"column":52}},"3":{"start":{"line":8,"column":48},"end":{"line":8,"column":63}},"4":{"start":{"line":10,"column":2},"end":{"line":12,"column":21}},"5":{"start":{"line":11,"column":4},"end":{"line":11,"column":33}},"6":{"start":{"line":14,"column":29},"end":{"line":27,"column":3}},"7":{"start":{"line":15,"column":16},"end":{"line":15,"column":30}},"8":{"start":{"line":16,"column":4},"end":{"line":16,"column":18}},"9":{"start":{"line":17,"column":21},"end":{"line":19,"column":5}},"10":{"start":{"line":18,"column":6},"end":{"line":18,"column":51}},"11":{"start":{"line":20,"column":4},"end":{"line":20,"column":29}},"12":{"start":{"line":23,"column":6},"end":{"line":25,"column":12}},"13":{"start":{"line":26,"column":4},"end":{"line":26,"column":27}},"14":{"start":{"line":29,"column":28},"end":{"line":34,"column":3}},"15":{"start":{"line":30,"column":4},"end":{"line":30,"column":18}},"16":{"start":{"line":31,"column":4},"end":{"line":31,"column":30}},"17":{"start":{"line":32,"column":4},"end":{"line":32,"column":24}},"18":{"start":{"line":33,"column":4},"end":{"line":33,"column":21}},"19":{"start":{"line":36,"column":2},"end":{"line":59,"column":4}},"20":{"start":{"line":43,"column":23},"end":{"line":43,"column":47}},"21":{"start":{"line":49,"column":12},"end":{"line":51,"column":17}},"22":{"start":{"line":49,"column":41},"end":{"line":49,"column":63}},"23":{"start":{"line":53,"column":29},"end":{"line":53,"column":64}}},"fnMap":{"0":{"name":"(anonymous_0)","decl":{"start":{"line":5,"column":19},"end":{"line":5,"column":20}},"loc":{"start":{"line":5,"column":98},"end":{"line":60,"column":1}},"line":5},"1":{"name":"(anonymous_1)","decl":{"start":{"line":5,"column":58},"end":{"line":5,"column":59}},"loc":{"start":{"line":5,"column":64},"end":{"line":5,"column":66}},"line":5},"2":{"name":"(anonymous_2)","decl":{"start":{"line":5,"column":83},"end":{"line":5,"column":84}},"loc":{"start":{"line":5,"column":89},"end":{"line":5,"column":91}},"line":5},"3":{"name":"(anonymous_3)","decl":{"start":{"line":10,"column":12},"end":{"line":10,"column":13}},"loc":{"start":{"line":10,"column":18},"end":{"line":12,"column":3}},"line":10},"4":{"name":"(anonymous_4)","decl":{"start":{"line":14,"column":29},"end":{"line":14,"column":30}},"loc":{"start":{"line":14,"column":36},"end":{"line":27,"column":3}},"line":14},"5":{"name":"(anonymous_5)","decl":{"start":{"line":17,"column":41},"end":{"line":17,"column":42}},"loc":{"start":{"line":18,"column":6},"end":{"line":18,"column":51}},"line":18},"6":{"name":"(anonymous_6)","decl":{"start":{"line":29,"column":28},"end":{"line":29,"column":29}},"loc":{"start":{"line":29,"column":37},"end":{"line":34,"column":3}},"line":29},"7":{"name":"(anonymous_7)","decl":{"start":{"line":43,"column":17},"end":{"line":43,"column":18}},"loc":{"start":{"line":43,"column":23},"end":{"line":43,"column":47}},"line":43},"8":{"name":"(anonymous_8)","decl":{"start":{"line":48,"column":27},"end":{"line":48,"column":28}},"loc":{"start":{"line":49,"column":12},"end":{"line":51,"column":17}},"line":49},"9":{"name":"(anonymous_9)","decl":{"start":{"line":49,"column":35},"end":{"line":49,"column":36}},"loc":{"start":{"line":49,"column":41},"end":{"line":49,"column":63}},"line":49},"10":{"name":"(anonymous_10)","decl":{"start":{"line":53,"column":23},"end":{"line":53,"column":24}},"loc":{"start":{"line":53,"column":29},"end":{"line":53,"column":64}},"line":53}},"branchMap":{"0":{"loc":{"start":{"line":5,"column":22},"end":{"line":5,"column":39}},"type":"default-arg","locations":[{"start":{"line":5,"column":37},"end":{"line":5,"column":39}}],"line":5},"1":{"loc":{"start":{"line":5,"column":41},"end":{"line":5,"column":66}},"type":"default-arg","locations":[{"start":{"line":5,"column":58},"end":{"line":5,"column":66}}],"line":5},"2":{"loc":{"start":{"line":5,"column":68},"end":{"line":5,"column":91}},"type":"default-arg","locations":[{"start":{"line":5,"column":83},"end":{"line":5,"column":91}}],"line":5},"3":{"loc":{"start":{"line":23,"column":6},"end":{"line":25,"column":12}},"type":"cond-expr","locations":[{"start":{"line":24,"column":10},"end":{"line":24,"column":81}},{"start":{"line":25,"column":10},"end":{"line":25,"column":12}}],"line":23},"4":{"loc":{"start":{"line":46,"column":7},"end":{"line":57,"column":7}},"type":"binary-expr","locations":[{"start":{"line":46,"column":7},"end":{"line":46,"column":22}},{"start":{"line":47,"column":8},"end":{"line":56,"column":13}}],"line":46}},"s":{"0":6,"1":139,"2":139,"3":139,"4":139,"5":47,"6":139,"7":30,"8":30,"9":30,"10":60,"11":30,"12":30,"13":30,"14":139,"15":3,"16":3,"17":3,"18":3,"19":139,"20":7,"21":42,"22":3,"23":0},"f":{"0":139,"1":0,"2":13,"3":47,"4":30,"5":60,"6":3,"7":7,"8":42,"9":3,"10":0},"b":{"0":[0],"1":[20],"2":[30],"3":[0,30],"4":[139,38]},"_coverageSchema":"1a1c01bbd47fc00a2c39e90264f33305004495a9","hash":"86199f27571c32207ba7e2c8b72f682e01775966"}
,"C:\\Users\\troyo\\OneDrive\\Full Stack\\Meet App\\meet\\src\\components\\Event.jsx": {"path":"C:\\Users\\troyo\\OneDrive\\Full Stack\\Meet App\\meet\\src\\components\\Event.jsx","statementMap":{"0":{"start":{"line":5,"column":14},"end":{"line":27,"column":1}},"1":{"start":{"line":6,"column":40},"end":{"line":6,"column":55}},"2":{"start":{"line":8,"column":23},"end":{"line":10,"column":3}},"3":{"start":{"line":9,"column":4},"end":{"line":9,"column":34}},"4":{"start":{"line":9,"column":27},"end":{"line":9,"column":32}},"5":{"start":{"line":12,"column":2},"end":{"line":26,"column":4}}},"fnMap":{"0":{"name":"(anonymous_0)","decl":{"start":{"line":5,"column":14},"end":{"line":5,"column":15}},"loc":{"start":{"line":5,"column":29},"end":{"line":27,"column":1}},"line":5},"1":{"name":"(anonymous_1)","decl":{"start":{"line":8,"column":23},"end":{"line":8,"column":24}},"loc":{"start":{"line":8,"column":29},"end":{"line":10,"column":3}},"line":8},"2":{"name":"(anonymous_2)","decl":{"start":{"line":9,"column":19},"end":{"line":9,"column":20}},"loc":{"start":{"line":9,"column":27},"end":{"line":9,"column":32}},"line":9}},"branchMap":{"0":{"loc":{"start":{"line":18,"column":9},"end":{"line":18,"column":54}},"type":"cond-expr","locations":[{"start":{"line":18,"column":23},"end":{"line":18,"column":37}},{"start":{"line":18,"column":40},"end":{"line":18,"column":54}}],"line":18},"1":{"loc":{"start":{"line":20,"column":7},"end":{"line":24,"column":7}},"type":"binary-expr","locations":[{"start":{"line":20,"column":7},"end":{"line":20,"column":18}},{"start":{"line":21,"column":8},"end":{"line":23,"column":14}}],"line":20}},"s":{"0":7,"1":770,"2":770,"3":6,"4":6,"5":770},"f":{"0":770,"1":6,"2":6},"b":{"0":[4,766],"1":[770,4]},"_coverageSchema":"1a1c01bbd47fc00a2c39e90264f33305004495a9","hash":"b5b91e8f0b19bd45777a7d3cebe42db48afde4b8"}
,"C:\\Users\\troyo\\OneDrive\\Full Stack\\Meet App\\meet\\src\\components\\EventList.jsx": {"path":"C:\\Users\\troyo\\OneDrive\\Full Stack\\Meet App\\meet\\src\\components\\EventList.jsx","statementMap":{"0":{"start":{"line":5,"column":18},"end":{"line":13,"column":1}},"1":{"start":{"line":6,"column":2},"end":{"line":12,"column":4}},"2":{"start":{"line":9,"column":8},"end":{"line":9,"column":42}}},"fnMap":{"0":{"name":"(anonymous_0)","decl":{"start":{"line":5,"column":18},"end":{"line":5,"column":19}},"loc":{"start":{"line":5,"column":39},"end":{"line":13,"column":1}},"line":5},"1":{"name":"(anonymous_1)","decl":{"start":{"line":8,"column":18},"end":{"line":8,"column":19}},"loc":{"start":{"line":9,"column":8},"end":{"line":9,"column":42}},"line":9}},"branchMap":{"0":{"loc":{"start":{"line":5,"column":21},"end":{"line":5,"column":32}},"type":"default-arg","locations":[{"start":{"line":5,"column":30},"end":{"line":5,"column":32}}],"line":5}},"s":{"0":6,"1":48,"2":758},"f":{"0":48,"1":758},"b":{"0":[0]},"_coverageSchema":"1a1c01bbd47fc00a2c39e90264f33305004495a9","hash":"0a7ed598ce1512b544f8485df5525c793ae28064"}
,"C:\\Users\\troyo\\OneDrive\\Full Stack\\Meet App\\meet\\src\\components\\NumberOfEvents.jsx": {"path":"C:\\Users\\troyo\\OneDrive\\Full Stack\\Meet App\\meet\\src\\components\\NumberOfEvents.jsx","statementMap":{"0":{"start":{"line":5,"column":23},"end":{"line":36,"column":1}},"1":{"start":{"line":7,"column":30},"end":{"line":7,"column":50}},"2":{"start":{"line":10,"column":2},"end":{"line":12,"column":19}},"3":{"start":{"line":11,"column":4},"end":{"line":11,"column":26}},"4":{"start":{"line":14,"column":29},"end":{"line":21,"column":3}},"5":{"start":{"line":15,"column":16},"end":{"line":15,"column":30}},"6":{"start":{"line":16,"column":19},"end":{"line":16,"column":36}},"7":{"start":{"line":17,"column":18},"end":{"line":17,"column":44}},"8":{"start":{"line":19,"column":4},"end":{"line":19,"column":21}},"9":{"start":{"line":20,"column":4},"end":{"line":20,"column":25}},"10":{"start":{"line":23,"column":2},"end":{"line":35,"column":4}}},"fnMap":{"0":{"name":"(anonymous_0)","decl":{"start":{"line":5,"column":23},"end":{"line":5,"column":24}},"loc":{"start":{"line":5,"column":58},"end":{"line":36,"column":1}},"line":5},"1":{"name":"(anonymous_1)","decl":{"start":{"line":10,"column":12},"end":{"line":10,"column":13}},"loc":{"start":{"line":10,"column":18},"end":{"line":12,"column":3}},"line":10},"2":{"name":"(anonymous_2)","decl":{"start":{"line":14,"column":29},"end":{"line":14,"column":30}},"loc":{"start":{"line":14,"column":36},"end":{"line":21,"column":3}},"line":14}},"branchMap":{"0":{"loc":{"start":{"line":17,"column":18},"end":{"line":17,"column":44}},"type":"cond-expr","locations":[{"start":{"line":17,"column":34},"end":{"line":17,"column":35}},{"start":{"line":17,"column":38},"end":{"line":17,"column":44}}],"line":17}},"s":{"0":7,"1":64,"2":64,"3":27,"4":64,"5":9,"6":9,"7":9,"8":9,"9":9,"10":64},"f":{"0":64,"1":27,"2":9},"b":{"0":[3,6]},"_coverageSchema":"1a1c01bbd47fc00a2c39e90264f33305004495a9","hash":"c55789ef87a03a55a8b2706f3fd72d231e246265"}
}
