TN:
SF:src\App.jsx
FN:9,(anonymous_0)
FNF:1
FNH:1
FNDA:3,(anonymous_0)
DA:9,1
DA:10,3
LF:2
LH:2
BRF:0
BRH:0
end_of_record
TN:
SF:src\api.js
FN:15,(anonymous_0)
FN:16,(anonymous_1)
FN:26,(anonymous_2)
FNF:3
FNH:3
FNDA:2,(anonymous_0)
FNDA:70,(anonymous_1)
FNDA:3,(anonymous_2)
DA:15,2
DA:16,70
DA:17,2
DA:18,2
DA:26,2
DA:27,3
LF:6
LH:6
BRF:0
BRH:0
end_of_record
TN:
SF:src\mock-data.js
FNF:0
FNH:0
DA:3,3
LF:1
LH:1
BRF:0
BRH:0
end_of_record
TN:
SF:src\components\CitySearch.jsx
FN:4,(anonymous_0)
FN:9,(anonymous_1)
FN:14,(anonymous_2)
FN:22,(anonymous_3)
FN:34,(anonymous_4)
FN:39,(anonymous_5)
FN:40,(anonymous_6)
FN:44,(anonymous_7)
FNF:8
FNH:7
FNDA:26,(anonymous_0)
FNDA:12,(anonymous_1)
FNDA:24,(anonymous_2)
FNDA:1,(anonymous_3)
FNDA:3,(anonymous_4)
FNDA:12,(anonymous_5)
FNDA:1,(anonymous_6)
FNDA:0,(anonymous_7)
DA:4,2
DA:5,26
DA:6,26
DA:7,26
DA:9,26
DA:10,12
DA:11,12
DA:13,12
DA:15,24
DA:19,12
DA:22,26
DA:23,1
DA:24,1
DA:27,26
DA:34,3
DA:40,12
DA:44,0
LF:17
LH:16
BRDA:13,0,0,12
BRDA:13,0,1,0
BRDA:37,1,0,26
BRDA:37,1,1,15
BRF:4
BRH:3
end_of_record
TN:
SF:src\components\Event.jsx
FN:4,(anonymous_0)
FN:17,(anonymous_1)
FNF:2
FNH:2
FNDA:48,(anonymous_0)
FNDA:3,(anonymous_1)
DA:4,3
DA:5,48
DA:7,48
DA:11,48
DA:17,3
LF:5
LH:5
BRDA:7,0,0,44
BRDA:7,0,1,4
BRDA:18,1,0,2
BRDA:18,1,1,46
BRDA:21,2,0,48
BRDA:21,2,1,2
BRF:6
BRH:6
end_of_record
TN:
SF:src\components\EventList.jsx
FN:6,(anonymous_0)
FN:10,(anonymous_1)
FNF:2
FNH:2
FNDA:8,(anonymous_0)
FNDA:39,(anonymous_1)
DA:6,2
DA:7,8
DA:10,39
LF:3
LH:3
BRDA:9,0,0,2
BRDA:9,0,1,6
BRF:2
BRH:2
end_of_record
TN:
SF:src\components\NumberofEvents.jsx
FN:3,(anonymous_0)
FN:6,(anonymous_1)
FNF:2
FNH:2
FNDA:10,(anonymous_0)
FNDA:4,(anonymous_1)
DA:3,2
DA:4,10
DA:6,10
DA:7,4
DA:8,4
DA:9,4
DA:12,10
LF:7
LH:7
BRDA:9,0,0,1
BRDA:9,0,1,3
BRF:2
BRH:2
end_of_record
