TN:
SF:src\App.jsx
FN:13,(anonymous_0)
FN:25,(anonymous_1)
FN:26,(anonymous_2)
FN:28,(anonymous_3)
FN:34,(anonymous_4)
FN:35,(anonymous_5)
FN:48,(anonymous_6)
FN:73,(anonymous_7)
FNF:8
FNH:5
FNDA:22,(anonymous_0)
FNDA:16,(anonymous_1)
FNDA:0,(anonymous_2)
FNDA:16,(anonymous_3)
FNDA:16,(anonymous_4)
FNDA:16,(anonymous_5)
FNDA:0,(anonymous_6)
FNDA:0,(anonymous_7)
DA:13,6
DA:14,22
DA:15,16
DA:16,16
DA:17,16
DA:18,16
DA:19,16
DA:20,16
DA:21,16
DA:22,16
DA:25,16
DA:26,16
DA:28,16
DA:29,16
DA:30,0
DA:34,16
DA:35,16
DA:36,16
DA:37,16
DA:39,0
DA:42,16
DA:43,16
DA:46,16
DA:48,0
DA:50,16
DA:51,16
DA:54,16
DA:57,16
DA:73,0
LF:29
LH:25
BRDA:26,0,0,0
BRDA:26,0,1,0
BRDA:29,1,0,0
BRDA:29,1,1,16
BRDA:29,2,0,16
BRDA:29,2,1,0
BRDA:36,3,0,16
BRDA:36,3,1,0
BRDA:46,4,0,16
BRDA:46,4,1,0
BRDA:62,5,0,16
BRDA:62,5,1,0
BRDA:63,6,0,16
BRDA:63,6,1,0
BRDA:64,7,0,16
BRDA:64,7,1,0
BRDA:67,8,0,16
BRDA:67,8,1,0
BRF:18
BRH:8
end_of_record
TN:
SF:src\mock-data.js
FNF:0
FNH:0
DA:3,7
LF:1
LH:1
BRF:0
BRH:0
end_of_record
TN:
SF:src\components\Alert.jsx
FN:7,(anonymous_0)
FN:13,(anonymous_1)
FN:29,(anonymous_2)
FN:40,(anonymous_3)
FN:49,(anonymous_4)
FN:58,(anonymous_5)
FNF:6
FNH:0
FNDA:0,(anonymous_0)
FNDA:0,(anonymous_1)
FNDA:0,(anonymous_2)
FNDA:0,(anonymous_3)
FNDA:0,(anonymous_4)
FNDA:0,(anonymous_5)
DA:8,0
DA:9,0
DA:10,0
DA:13,0
DA:14,0
DA:30,0
DA:41,0
DA:42,0
DA:43,0
DA:50,0
DA:51,0
DA:52,0
DA:59,0
DA:60,0
DA:61,0
LF:15
LH:0
BRF:0
BRH:0
end_of_record
TN:
SF:src\components\CityEventsChart.jsx
FN:14,(anonymous_0)
FN:17,(anonymous_1)
FN:18,(anonymous_2)
FN:21,(anonymous_3)
FN:26,(anonymous_4)
FN:29,(anonymous_5)
FN:57,(anonymous_6)
FN:58,(anonymous_7)
FNF:8
FNH:3
FNDA:16,(anonymous_0)
FNDA:16,(anonymous_1)
FNDA:16,(anonymous_2)
FNDA:0,(anonymous_3)
FNDA:0,(anonymous_4)
FNDA:0,(anonymous_5)
FNDA:0,(anonymous_6)
FNDA:0,(anonymous_7)
DA:14,6
DA:15,16
DA:17,16
DA:18,16
DA:19,16
DA:21,16
DA:22,0
DA:23,0
DA:24,0
DA:26,0
DA:29,16
DA:32,16
DA:35,16
DA:57,0
DA:58,0
LF:15
LH:9
BRDA:23,0,0,0
BRDA:23,0,1,0
BRF:2
BRH:0
end_of_record
TN:
SF:src\components\CitySearch.jsx
FN:5,(anonymous_0)
FN:5,(anonymous_1)
FN:5,(anonymous_2)
FN:10,(anonymous_3)
FN:14,(anonymous_4)
FN:17,(anonymous_5)
FN:29,(anonymous_6)
FN:43,(anonymous_7)
FN:48,(anonymous_8)
FN:49,(anonymous_9)
FN:53,(anonymous_10)
FNF:11
FNH:9
FNDA:46,(anonymous_0)
FNDA:0,(anonymous_1)
FNDA:13,(anonymous_2)
FNDA:23,(anonymous_3)
FNDA:12,(anonymous_4)
FNDA:24,(anonymous_5)
FNDA:1,(anonymous_6)
FNDA:3,(anonymous_7)
FNDA:16,(anonymous_8)
FNDA:1,(anonymous_9)
FNDA:0,(anonymous_10)
DA:5,6
DA:6,46
DA:7,46
DA:8,46
DA:10,46
DA:11,23
DA:14,46
DA:15,12
DA:16,12
DA:17,12
DA:18,24
DA:20,12
DA:23,12
DA:26,12
DA:29,46
DA:30,1
DA:31,1
DA:32,1
DA:33,1
DA:36,46
DA:43,3
DA:49,16
DA:53,0
LF:23
LH:22
BRDA:5,0,0,0
BRDA:5,1,0,20
BRDA:5,2,0,30
BRDA:23,3,0,0
BRDA:23,3,1,12
BRDA:46,4,0,46
BRDA:46,4,1,15
BRF:7
BRH:5
end_of_record
TN:
SF:src\components\Event.jsx
FN:5,(anonymous_0)
FN:8,(anonymous_1)
FN:9,(anonymous_2)
FNF:3
FNH:3
FNDA:9,(anonymous_0)
FNDA:3,(anonymous_1)
FNDA:3,(anonymous_2)
DA:5,7
DA:6,9
DA:8,9
DA:9,3
DA:12,9
LF:5
LH:5
BRDA:18,0,0,2
BRDA:18,0,1,7
BRDA:20,1,0,9
BRDA:20,1,1,2
BRF:4
BRH:4
end_of_record
TN:
SF:src\components\EventList.jsx
FN:5,(anonymous_0)
FN:8,(anonymous_1)
FNF:2
FNH:1
FNDA:16,(anonymous_0)
FNDA:0,(anonymous_1)
DA:5,6
DA:6,16
DA:9,0
LF:3
LH:2
BRDA:5,0,0,0
BRF:1
BRH:0
end_of_record
TN:
SF:src\components\NumberOfEvents.jsx
FN:5,(anonymous_0)
FN:8,(anonymous_1)
FN:14,(anonymous_2)
FN:18,(anonymous_3)
FNF:4
FNH:4
FNDA:26,(anonymous_0)
FNDA:3,(anonymous_1)
FNDA:21,(anonymous_2)
FNDA:3,(anonymous_3)
DA:5,7
DA:11,26
DA:14,26
DA:15,21
DA:18,26
DA:19,3
DA:20,3
DA:21,3
DA:23,3
DA:25,3
DA:26,1
DA:28,2
DA:29,2
DA:33,26
LF:14
LH:14
BRDA:8,0,0,10
BRDA:21,1,0,1
BRDA:21,1,1,2
BRDA:25,2,0,1
BRDA:25,2,1,2
BRDA:25,3,0,3
BRDA:25,3,1,2
BRF:7
BRH:7
end_of_record
